build/app/intermediates/manifest_merge_blame_file/release/processReleaseMainManifest/manifest-merger-blame-release-report.txt
1<?xml version="1.0" encoding="utf-8"?>
2<manifest xmlns:android="http://schemas.android.com/apk/res/android"
3    package="com.example.sigma_social_app"
4    android:versionCode="1"
5    android:versionName="1.0.0" >
6
7    <uses-sdk
8        android:minSdkVersion="23"
9        android:targetSdkVersion="33" />
10
11    <uses-permission android:name="android.permission.INTERNET" />
11-->src\main\AndroidManifest.xml:3:5-66
11-->src\main\AndroidManifest.xml:3:22-64
12    <uses-permission android:name="android.permission.RECORD_AUDIO" />
12-->src\main\AndroidManifest.xml:4:5-70
12-->src\main\AndroidManifest.xml:4:22-68
13    <uses-permission android:name="android.permission.CAMERA" />
13-->src\main\AndroidManifest.xml:5:5-64
13-->src\main\AndroidManifest.xml:5:22-62
14    <uses-permission android:name="android.permission.READ_EXTERNAL_STORAGE" />
14-->src\main\AndroidManifest.xml:6:5-79
14-->src\main\AndroidManifest.xml:6:22-77
15    <uses-permission
15-->src\main\AndroidManifest.xml:7:5-107
16        android:name="android.permission.WRITE_EXTERNAL_STORAGE"
16-->src\main\AndroidManifest.xml:7:22-78
17        android:maxSdkVersion="32" />
17-->src\main\AndroidManifest.xml:7:79-105
18    <uses-permission android:name="android.permission.READ_MEDIA_IMAGES" />
18-->src\main\AndroidManifest.xml:8:5-75
18-->src\main\AndroidManifest.xml:8:22-73
19    <uses-permission android:name="android.permission.READ_MEDIA_VIDEO" />
19-->src\main\AndroidManifest.xml:9:5-74
19-->src\main\AndroidManifest.xml:9:22-72
20    <uses-permission android:name="android.permission.READ_MEDIA_AUDIO" />
20-->src\main\AndroidManifest.xml:10:5-74
20-->src\main\AndroidManifest.xml:10:22-72
21
22    <queries>
22-->src\main\AndroidManifest.xml:37:5-42:15
23        <intent>
23-->src\main\AndroidManifest.xml:38:9-41:18
24            <action android:name="android.intent.action.PROCESS_TEXT" />
24-->src\main\AndroidManifest.xml:39:13-72
24-->src\main\AndroidManifest.xml:39:21-70
25
26            <data android:mimeType="text/plain" />
26-->src\main\AndroidManifest.xml:40:13-50
26-->src\main\AndroidManifest.xml:40:19-48
27        </intent>
28    </queries>
29
30    <uses-permission android:name="android.permission.ACCESS_NETWORK_STATE" />
30-->[com.google.android.exoplayer:exoplayer-core:2.18.7] AndroidManifest.xml:24:5-79
30-->[com.google.android.exoplayer:exoplayer-core:2.18.7] AndroidManifest.xml:24:22-76
31
32    <permission
32-->[androidx.core:core:1.10.1] AndroidManifest.xml:22:5-24:47
33        android:name="com.example.sigma_social_app.DYNAMIC_RECEIVER_NOT_EXPORTED_PERMISSION"
33-->[androidx.core:core:1.10.1] AndroidManifest.xml:23:9-81
34        android:protectionLevel="signature" />
34-->[androidx.core:core:1.10.1] AndroidManifest.xml:24:9-44
35
36    <uses-permission android:name="com.example.sigma_social_app.DYNAMIC_RECEIVER_NOT_EXPORTED_PERMISSION" />
36-->[androidx.core:core:1.10.1] AndroidManifest.xml:26:5-97
36-->[androidx.core:core:1.10.1] AndroidManifest.xml:26:22-94
37
38    <application
39        android:name="android.app.Application"
39-->src\main\AndroidManifest.xml:14:9-42
40        android:appComponentFactory="androidx.core.app.CoreComponentFactory"
40-->[androidx.core:core:1.10.1] AndroidManifest.xml:28:18-86
41        android:extractNativeLibs="false"
42        android:icon="@mipmap/ic_launcher"
42-->src\main\AndroidManifest.xml:15:9-43
43        android:label="Sigma Social" >
43-->src\main\AndroidManifest.xml:13:9-37
44        <activity
44-->src\main\AndroidManifest.xml:16:9-32:20
45            android:name="com.example.sigma_social_app.MainActivity"
45-->src\main\AndroidManifest.xml:17:13-41
46            android:configChanges="orientation|keyboardHidden|keyboard|screenSize|smallestScreenSize|locale|layoutDirection|fontScale|screenLayout|density|uiMode"
46-->src\main\AndroidManifest.xml:21:13-163
47            android:exported="true"
47-->src\main\AndroidManifest.xml:18:13-36
48            android:hardwareAccelerated="true"
48-->src\main\AndroidManifest.xml:22:13-47
49            android:launchMode="singleTop"
49-->src\main\AndroidManifest.xml:19:13-43
50            android:theme="@style/LaunchTheme"
50-->src\main\AndroidManifest.xml:20:13-47
51            android:windowSoftInputMode="adjustResize" >
51-->src\main\AndroidManifest.xml:23:13-55
52            <meta-data
52-->src\main\AndroidManifest.xml:24:13-27:17
53                android:name="io.flutter.embedding.android.NormalTheme"
53-->src\main\AndroidManifest.xml:25:15-70
54                android:resource="@style/NormalTheme" />
54-->src\main\AndroidManifest.xml:26:15-52
55
56            <intent-filter>
56-->src\main\AndroidManifest.xml:28:13-31:29
57                <action android:name="android.intent.action.MAIN" />
57-->src\main\AndroidManifest.xml:29:17-68
57-->src\main\AndroidManifest.xml:29:25-66
58
59                <category android:name="android.intent.category.LAUNCHER" />
59-->src\main\AndroidManifest.xml:30:17-76
59-->src\main\AndroidManifest.xml:30:27-74
60            </intent-filter>
61        </activity>
62
63        <meta-data
63-->src\main\AndroidManifest.xml:33:9-35:33
64            android:name="flutterEmbedding"
64-->src\main\AndroidManifest.xml:34:13-44
65            android:value="2" />
65-->src\main\AndroidManifest.xml:35:13-30
66
67        <provider
67-->[:image_picker_android] AndroidManifest.xml:9:9-17:20
68            android:name="io.flutter.plugins.imagepicker.ImagePickerFileProvider"
68-->[:image_picker_android] AndroidManifest.xml:10:13-82
69            android:authorities="com.example.sigma_social_app.flutter.image_provider"
69-->[:image_picker_android] AndroidManifest.xml:11:13-74
70            android:exported="false"
70-->[:image_picker_android] AndroidManifest.xml:12:13-37
71            android:grantUriPermissions="true" >
71-->[:image_picker_android] AndroidManifest.xml:13:13-47
72            <meta-data
72-->[:image_picker_android] AndroidManifest.xml:14:13-16:75
73                android:name="android.support.FILE_PROVIDER_PATHS"
73-->[:image_picker_android] AndroidManifest.xml:15:17-67
74                android:resource="@xml/flutter_image_picker_file_paths" />
74-->[:image_picker_android] AndroidManifest.xml:16:17-72
75        </provider> <!-- Trigger Google Play services to install the backported photo picker module. -->
76        <service
76-->[:image_picker_android] AndroidManifest.xml:19:9-31:19
77            android:name="com.google.android.gms.metadata.ModuleDependencies"
77-->[:image_picker_android] AndroidManifest.xml:20:13-78
78            android:enabled="false"
78-->[:image_picker_android] AndroidManifest.xml:21:13-36
79            android:exported="false" >
79-->[:image_picker_android] AndroidManifest.xml:22:13-37
80            <intent-filter>
80-->[:image_picker_android] AndroidManifest.xml:24:13-26:29
81                <action android:name="com.google.android.gms.metadata.MODULE_DEPENDENCIES" />
81-->[:image_picker_android] AndroidManifest.xml:25:17-94
81-->[:image_picker_android] AndroidManifest.xml:25:25-91
82            </intent-filter>
83
84            <meta-data
84-->[:image_picker_android] AndroidManifest.xml:28:13-30:36
85                android:name="photopicker_activity:0:required"
85-->[:image_picker_android] AndroidManifest.xml:29:17-63
86                android:value="" />
86-->[:image_picker_android] AndroidManifest.xml:30:17-33
87        </service>
88
89        <uses-library
89-->[androidx.window:window:1.0.0-beta04] AndroidManifest.xml:25:9-27:40
90            android:name="androidx.window.extensions"
90-->[androidx.window:window:1.0.0-beta04] AndroidManifest.xml:26:13-54
91            android:required="false" />
91-->[androidx.window:window:1.0.0-beta04] AndroidManifest.xml:27:13-37
92        <uses-library
92-->[androidx.window:window:1.0.0-beta04] AndroidManifest.xml:28:9-30:40
93            android:name="androidx.window.sidecar"
93-->[androidx.window:window:1.0.0-beta04] AndroidManifest.xml:29:13-51
94            android:required="false" />
94-->[androidx.window:window:1.0.0-beta04] AndroidManifest.xml:30:13-37
95
96        <provider
96-->[androidx.profileinstaller:profileinstaller:1.3.0] AndroidManifest.xml:24:9-32:20
97            android:name="androidx.startup.InitializationProvider"
97-->[androidx.profileinstaller:profileinstaller:1.3.0] AndroidManifest.xml:25:13-67
98            android:authorities="com.example.sigma_social_app.androidx-startup"
98-->[androidx.profileinstaller:profileinstaller:1.3.0] AndroidManifest.xml:26:13-68
99            android:exported="false" >
99-->[androidx.profileinstaller:profileinstaller:1.3.0] AndroidManifest.xml:27:13-37
100            <meta-data
100-->[androidx.profileinstaller:profileinstaller:1.3.0] AndroidManifest.xml:29:13-31:52
101                android:name="androidx.profileinstaller.ProfileInstallerInitializer"
101-->[androidx.profileinstaller:profileinstaller:1.3.0] AndroidManifest.xml:30:17-85
102                android:value="androidx.startup" />
102-->[androidx.profileinstaller:profileinstaller:1.3.0] AndroidManifest.xml:31:17-49
103        </provider>
104
105        <receiver
105-->[androidx.profileinstaller:profileinstaller:1.3.0] AndroidManifest.xml:34:9-52:20
106            android:name="androidx.profileinstaller.ProfileInstallReceiver"
106-->[androidx.profileinstaller:profileinstaller:1.3.0] AndroidManifest.xml:35:13-76
107            android:directBootAware="false"
107-->[androidx.profileinstaller:profileinstaller:1.3.0] AndroidManifest.xml:36:13-44
108            android:enabled="true"
108-->[androidx.profileinstaller:profileinstaller:1.3.0] AndroidManifest.xml:37:13-35
109            android:exported="true"
109-->[androidx.profileinstaller:profileinstaller:1.3.0] AndroidManifest.xml:38:13-36
110            android:permission="android.permission.DUMP" >
110-->[androidx.profileinstaller:profileinstaller:1.3.0] AndroidManifest.xml:39:13-57
111            <intent-filter>
111-->[androidx.profileinstaller:profileinstaller:1.3.0] AndroidManifest.xml:40:13-42:29
112                <action android:name="androidx.profileinstaller.action.INSTALL_PROFILE" />
112-->[androidx.profileinstaller:profileinstaller:1.3.0] AndroidManifest.xml:41:17-91
112-->[androidx.profileinstaller:profileinstaller:1.3.0] AndroidManifest.xml:41:25-88
113            </intent-filter>
114            <intent-filter>
114-->[androidx.profileinstaller:profileinstaller:1.3.0] AndroidManifest.xml:43:13-45:29
115                <action android:name="androidx.profileinstaller.action.SKIP_FILE" />
115-->[androidx.profileinstaller:profileinstaller:1.3.0] AndroidManifest.xml:44:17-85
115-->[androidx.profileinstaller:profileinstaller:1.3.0] AndroidManifest.xml:44:25-82
116            </intent-filter>
117            <intent-filter>
117-->[androidx.profileinstaller:profileinstaller:1.3.0] AndroidManifest.xml:46:13-48:29
118                <action android:name="androidx.profileinstaller.action.SAVE_PROFILE" />
118-->[androidx.profileinstaller:profileinstaller:1.3.0] AndroidManifest.xml:47:17-88
118-->[androidx.profileinstaller:profileinstaller:1.3.0] AndroidManifest.xml:47:25-85
119            </intent-filter>
120            <intent-filter>
120-->[androidx.profileinstaller:profileinstaller:1.3.0] AndroidManifest.xml:49:13-51:29
121                <action android:name="androidx.profileinstaller.action.BENCHMARK_OPERATION" />
121-->[androidx.profileinstaller:profileinstaller:1.3.0] AndroidManifest.xml:50:17-95
121-->[androidx.profileinstaller:profileinstaller:1.3.0] AndroidManifest.xml:50:25-92
122            </intent-filter>
123        </receiver>
124    </application>
125
126</manifest>